Using pre-set license
Built from '2020.2/release' branch; Version is '2020.2.2f1 (068178b99f32) revision 426360'; Using compiler version '192528614'; Build Type 'Release'
OS: 'Windows 10 Pro; OS build 19041.985; Version 2004; 64bit' Language: 'en' Physical Memory: 16327 MB
BatchMode: 1, IsHumanControllingUs: 0, StartBugReporterOnCrash: 0, Is64bit: 1, IsPro: 0

 COMMAND LINE ARGUMENTS:
C:\Program Files\Unity\Hub\Editor\2020.2.2f1\Editor\Unity.exe
-adb2
-batchMode
-noUpm
-name
AssetImportWorker0
-projectPath
S:/Downloads/TheConservatory/Isometric Game Template - Copy
-logFile
Logs/AssetImportWorker0.log
-srvPort
50219
Successfully changed project path to: S:/Downloads/TheConservatory/Isometric Game Template - Copy
S:/Downloads/TheConservatory/Isometric Game Template - Copy
Using Asset Import Pipeline V2.
Refreshing native plugins compatible for Editor in 54.95 ms, found 1 plugins.
Preloading 0 native plugins for Editor in 0.00 ms.
Initialize engine version: 2020.2.2f1 (068178b99f32)
[Subsystems] Discovering subsystems at path C:/Program Files/Unity/Hub/Editor/2020.2.2f1/Editor/Data/Resources/UnitySubsystems
[Subsystems] Discovering subsystems at path S:/Downloads/TheConservatory/Isometric Game Template - Copy/Assets
GfxDevice: creating device client; threaded=0
Direct3D:
    Version:  Direct3D 11.0 [level 11.1]
    Renderer: NVIDIA GeForce RTX 3060 Ti (ID=0x2486)
    Vendor:   
    VRAM:     8050 MB
    Driver:   27.21.14.6140
Shader 'Universal Render Pipeline/Particles/Lit': fallback shader 'Universal Render Pipeline/Particles/SimpleLit' not found
Initialize mono
Mono path[0] = 'C:/Program Files/Unity/Hub/Editor/2020.2.2f1/Editor/Data/Managed'
Mono path[1] = 'C:/Program Files/Unity/Hub/Editor/2020.2.2f1/Editor/Data/MonoBleedingEdge/lib/mono/unityjit'
Mono config path = 'C:/Program Files/Unity/Hub/Editor/2020.2.2f1/Editor/Data/MonoBleedingEdge/etc'
Using monoOptions --debugger-agent=transport=dt_socket,embedding=1,server=y,suspend=n,address=127.0.0.1:56008
Begin MonoManager ReloadAssembly
Registering precompiled unity dll's ...
Register platform support module: C:/Program Files/Unity/Hub/Editor/2020.2.2f1/Editor/Data/PlaybackEngines/WindowsStandaloneSupport/UnityEditor.WindowsStandalone.Extensions.dll
Registered in 0.002445 seconds.
Native extension for WindowsStandalone target not found
Refreshing native plugins compatible for Editor in 53.83 ms, found 1 plugins.
Preloading 0 native plugins for Editor in 0.00 ms.
Invoked RoslynAnalysisRunner static constructor.
RoslynAnalysisRunner will not be running.
RoslynAnalysisRunner has terminated.
Mono: successfully reloaded assembly
- Completed reload, in  1.025 seconds
Platform modules already initialized, skipping
Registering precompiled user dll's ...
Registered in 0.001521 seconds.
Begin MonoManager ReloadAssembly
Native extension for WindowsStandalone target not found
Refreshing native plugins compatible for Editor in 55.71 ms, found 1 plugins.
Preloading 0 native plugins for Editor in 0.00 ms.
Invoked RoslynAnalysisRunner static constructor.
RoslynAnalysisRunner will not be running.
RoslynAnalysisRunner has terminated.
Mono: successfully reloaded assembly
- Completed reload, in  0.924 seconds
Platform modules already initialized, skipping
========================================================================
Worker process is ready to serve import requests
Shader 'Universal Render Pipeline/Particles/Lit': fallback shader 'Universal Render Pipeline/Particles/SimpleLit' not found
Launched and connected shader compiler UnityShaderCompiler.exe after 0.05 seconds
Refreshing native plugins compatible for Editor in 0.62 ms, found 1 plugins.
Preloading 0 native plugins for Editor in 0.00 ms.
Unloading 2985 Unused Serialized files (Serialized files now loaded: 0)
System memory in use before: 132.4 MB.
System memory in use after: 132.5 MB.

Unloading 24 unused Assets to reduce memory usage. Loaded Objects now: 3431.
Total: 2.657900 ms (FindLiveObjects: 0.355000 ms CreateObjectMapping: 0.068500 ms MarkObjects: 2.090200 ms  DeleteObjects: 0.143100 ms)

========================================================================
Received Import Request.
  path: Assets/LavaLocation.prefab
  artifactKey: Guid(959b2f468d4157e4a8aaee35625a41ef) Importer(815301076,1909f56bfc062723c751e8b465ee728b)
Start importing Assets/LavaLocation.prefab using Guid(959b2f468d4157e4a8aaee35625a41ef) Importer(815301076,1909f56bfc062723c751e8b465ee728b)  -> (artifact id: '42a45b6eba607a08fadd2693f6fdcf3d') in 0.192205 seconds
  Import took 0.197347 seconds .

========================================================================
Received Import Request.
  Time since last request: 0.000266 seconds.
  path: Assets/Ice Location.prefab
  artifactKey: Guid(dd21e91437b0bcd45a46b27f296a88cd) Importer(815301076,1909f56bfc062723c751e8b465ee728b)
Start importing Assets/Ice Location.prefab using Guid(dd21e91437b0bcd45a46b27f296a88cd) Importer(815301076,1909f56bfc062723c751e8b465ee728b)  -> (artifact id: 'a7595bb49bfe0acdeaa1af18c03ce7f6') in 0.020487 seconds
  Import took 0.026042 seconds .

========================================================================
Received Import Request.
  Time since last request: 0.000207 seconds.
  path: Assets/SandLocation.prefab
  artifactKey: Guid(d6de6df32cc253c40a1b2eb78881131b) Importer(815301076,1909f56bfc062723c751e8b465ee728b)
Start importing Assets/SandLocation.prefab using Guid(d6de6df32cc253c40a1b2eb78881131b) Importer(815301076,1909f56bfc062723c751e8b465ee728b)  -> (artifact id: '3f1112e8e9991ad7d14a96f059248056') in 0.020514 seconds
  Import took 0.026344 seconds .

========================================================================
Received Prepare
Shader 'Universal Render Pipeline/Particles/Lit': fallback shader 'Universal Render Pipeline/Particles/SimpleLit' not found
Refreshing native plugins compatible for Editor in 1.91 ms, found 1 plugins.
Preloading 0 native plugins for Editor in 0.00 ms.
Unloading 11 Unused Serialized files (Serialized files now loaded: 0)
System memory in use before: 74.0 MB.
System memory in use after: 74.1 MB.

Unloading 11 unused Assets to reduce memory usage. Loaded Objects now: 3497.
Total: 2.836300 ms (FindLiveObjects: 0.355000 ms CreateObjectMapping: 0.072600 ms MarkObjects: 2.293600 ms  DeleteObjects: 0.114000 ms)

AssetImportWorkerClient::OnTransportError - code=2 error=End of file
